<?xml version="1.0" encoding="UTF-8"?>
<!-- Generated by org.testng.reporters.JUnitXMLReporter -->
<testsuite hostname="DHA11ALIM5" ignored="0" name="Default test" tests="7" failures="0" timestamp="14 Jun 2020 03:34:22 GMT" time="10.292" errors="0">
  <testcase name="test_01" time="3.039" classname="APITesting.com.org.api.api_get_request"/>
  <testcase name="test_02" time="1.123" classname="APITesting.com.org.api.api_get_request"/>
  <testcase name="test_03" time="1.124" classname="APITesting.com.org.api.api_get_request"/>
  <testcase name="test_04" time="1.212" classname="APITesting.com.org.api.api_get_request"/>
  <testcase name="test_05" time="1.131" classname="APITesting.com.org.api.api_get_request"/>
  <testcase name="test_06" time="1.538" classname="APITesting.com.org.api.api_get_request"/>
  <testcase name="test_07" time="1.079" classname="APITesting.com.org.api.api_get_request"/>
</testsuite> <!-- Default test -->
